# JRE version: OpenJDK Runtime Environment Temurin-21.0.8+9 (21.0.8+9) (build 21.0.8+9-LTS)
# Java VM: OpenJDK 64-Bit Server VM Temurin-21.0.8+9 (21.0.8+9-LTS, mixed mode, sharing, tiered, compressed oops, compressed class ptrs, parallel gc, windows-amd64)
GC Precious Log:
 CardTable entry size: 512
 CPUs: 12 total, 12 available
 Memory: 16181M
 Large Page Support: Disabled
 NUMA Support: Disabled
 Compressed Oops: Enabled (32-bit)
 Alignments: Space 512K, Generation 512K, Heap 2M
 Heap Min Capacity: 100M
 Heap Initial Capacity: 100M
 Heap Max Capacity: 2G
 Pre-touch: Disabled
 Parallel Workers: 10
Heap:
 PSYoungGen      total 5120K, used 3682K [0x00000000d5580000, 0x00000000d5c80000, 0x0000000100000000)
  eden space 4608K, 71% used [0x00000000d5580000,0x00000000d58b4be0,0x00000000d5a00000)
  from space 512K, 78% used [0x00000000d5c00000,0x00000000d5c64010,0x00000000d5c80000)
  to   space 512K, 0% used [0x00000000d5b80000,0x00000000d5b80000,0x00000000d5c00000)
 ParOldGen       total 1144832K, used 1144633K [0x0000000080000000, 0x00000000c5e00000, 0x00000000d5580000)
  object space 1144832K, 99% used [0x0000000080000000,0x00000000c5dce618,0x00000000c5e00000)
 Metaspace       used 93267K, committed 95104K, reserved 1179648K
  class space    used 9164K, committed 10112K, reserved 1048576K
GC Heap History (20 events):
Event: 4351.579 GC heap before
{Heap before GC invocations=5803 (full 7):
 PSYoungGen      total 1536K, used 1511K [0x00000000d5580000, 0x00000000d5c80000, 0x0000000100000000)
  eden space 1024K, 100% used [0x00000000d5580000,0x00000000d5680000,0x00000000d5680000)
  from space 512K, 95% used [0x00000000d5900000,0x00000000d5979d30,0x00000000d5980000)
  to   space 2560K, 0% used [0x00000000d5680000,0x00000000d5680000,0x00000000d5900000)
 ParOldGen       total 1134592K, used 1134451K [0x0000000080000000, 0x00000000c5400000, 0x00000000d5580000)
  object space 1134592K, 99% used [0x0000000080000000,0x00000000c53dcc30,0x00000000c5400000)
 Metaspace       used 93262K, committed 95104K, reserved 1179648K
  class space    used 9164K, committed 10112K, reserved 1048576K
}
Event: 4351.580 GC heap after
{Heap after GC invocations=5803 (full 7):
 PSYoungGen      total 2048K, used 928K [0x00000000d5580000, 0x00000000d5a00000, 0x0000000100000000)
  eden space 1024K, 0% used [0x00000000d5580000,0x00000000d5580000,0x00000000d5680000)
  from space 1024K, 90% used [0x00000000d5680000,0x00000000d5768000,0x00000000d5780000)
  to   space 1536K, 0% used [0x00000000d5880000,0x00000000d5880000,0x00000000d5a00000)
 ParOldGen       total 1135104K, used 1134938K [0x0000000080000000, 0x00000000c5480000, 0x00000000d5580000)
  object space 1135104K, 99% used [0x0000000080000000,0x00000000c5456960,0x00000000c5480000)
 Metaspace       used 93262K, committed 95104K, reserved 1179648K
  class space    used 9164K, committed 10112K, reserved 1048576K
}
Event: 4351.582 GC heap before
{Heap before GC invocations=5804 (full 7):
 PSYoungGen      total 2048K, used 1952K [0x00000000d5580000, 0x00000000d5a00000, 0x0000000100000000)
  eden space 1024K, 100% used [0x00000000d5580000,0x00000000d5680000,0x00000000d5680000)
  from space 1024K, 90% used [0x00000000d5680000,0x00000000d5768000,0x00000000d5780000)
  to   space 1536K, 0% used [0x00000000d5880000,0x00000000d5880000,0x00000000d5a00000)
 ParOldGen       total 1135104K, used 1134938K [0x0000000080000000, 0x00000000c5480000, 0x00000000d5580000)
  object space 1135104K, 99% used [0x0000000080000000,0x00000000c5456960,0x00000000c5480000)
 Metaspace       used 93262K, committed 95104K, reserved 1179648K
  class space    used 9164K, committed 10112K, reserved 1048576K
}
Event: 4351.584 GC heap after
{Heap after GC invocations=5804 (full 7):
 PSYoungGen      total 2560K, used 960K [0x00000000d5580000, 0x00000000d5980000, 0x0000000100000000)
  eden space 1536K, 0% used [0x00000000d5580000,0x00000000d5580000,0x00000000d5700000)
  from space 1024K, 93% used [0x00000000d5880000,0x00000000d5970000,0x00000000d5980000)
  to   space 1024K, 0% used [0x00000000d5780000,0x00000000d5780000,0x00000000d5880000)
 ParOldGen       total 1136128K, used 1135702K [0x0000000080000000, 0x00000000c5580000, 0x00000000d5580000)
  object space 1136128K, 99% used [0x0000000080000000,0x00000000c5515be8,0x00000000c5580000)
 Metaspace       used 93262K, committed 95104K, reserved 1179648K
  class space    used 9164K, committed 10112K, reserved 1048576K
}
Event: 4351.587 GC heap before
{Heap before GC invocations=5805 (full 7):
 PSYoungGen      total 2560K, used 2496K [0x00000000d5580000, 0x00000000d5980000, 0x0000000100000000)
  eden space 1536K, 100% used [0x00000000d5580000,0x00000000d5700000,0x00000000d5700000)
  from space 1024K, 93% used [0x00000000d5880000,0x00000000d5970000,0x00000000d5980000)
  to   space 1024K, 0% used [0x00000000d5780000,0x00000000d5780000,0x00000000d5880000)
 ParOldGen       total 1136128K, used 1135702K [0x0000000080000000, 0x00000000c5580000, 0x00000000d5580000)
  object space 1136128K, 99% used [0x0000000080000000,0x00000000c5515be8,0x00000000c5580000)
 Metaspace       used 93262K, committed 95104K, reserved 1179648K
  class space    used 9164K, committed 10112K, reserved 1048576K
}
Event: 4351.589 GC heap after
{Heap after GC invocations=5805 (full 7):
 PSYoungGen      total 3072K, used 1024K [0x00000000d5580000, 0x00000000d5c80000, 0x0000000100000000)
  eden space 2048K, 0% used [0x00000000d5580000,0x00000000d5580000,0x00000000d5780000)
  from space 1024K, 100% used [0x00000000d5780000,0x00000000d5880000,0x00000000d5880000)
  to   space 2560K, 0% used [0x00000000d5a00000,0x00000000d5a00000,0x00000000d5c80000)
 ParOldGen       total 1137152K, used 1136830K [0x0000000080000000, 0x00000000c5680000, 0x00000000d5580000)
  object space 1137152K, 99% used [0x0000000080000000,0x00000000c562fbe8,0x00000000c5680000)
 Metaspace       used 93262K, committed 95104K, reserved 1179648K
  class space    used 9164K, committed 10112K, reserved 1048576K
}
Event: 4351.596 GC heap before
{Heap before GC invocations=5806 (full 7):
 PSYoungGen      total 3072K, used 3072K [0x00000000d5580000, 0x00000000d5c80000, 0x0000000100000000)
  eden space 2048K, 100% used [0x00000000d5580000,0x00000000d5780000,0x00000000d5780000)
  from space 1024K, 100% used [0x00000000d5780000,0x00000000d5880000,0x00000000d5880000)
  to   space 2560K, 0% used [0x00000000d5a00000,0x00000000d5a00000,0x00000000d5c80000)
 ParOldGen       total 1137152K, used 1136830K [0x0000000080000000, 0x00000000c5680000, 0x00000000d5580000)
  object space 1137152K, 99% used [0x0000000080000000,0x00000000c562fbe8,0x00000000c5680000)
 Metaspace       used 93262K, committed 95104K, reserved 1179648K
  class space    used 9164K, committed 10112K, reserved 1048576K
}
Event: 4351.599 GC heap after
{Heap after GC invocations=5806 (full 7):
 PSYoungGen      total 4608K, used 1792K [0x00000000d5580000, 0x00000000d5c00000, 0x0000000100000000)
  eden space 2560K, 0% used [0x00000000d5580000,0x00000000d5580000,0x00000000d5800000)
  from space 2048K, 87% used [0x00000000d5a00000,0x00000000d5bc0000,0x00000000d5c00000)
  to   space 2048K, 0% used [0x00000000d5800000,0x00000000d5800000,0x00000000d5a00000)
 ParOldGen       total 1138176K, used 1137910K [0x0000000080000000, 0x00000000c5780000, 0x00000000d5580000)
  object space 1138176K, 99% used [0x0000000080000000,0x00000000c573dbf8,0x00000000c5780000)
 Metaspace       used 93262K, committed 95104K, reserved 1179648K
  class space    used 9164K, committed 10112K, reserved 1048576K
}
Event: 4351.617 GC heap before
{Heap before GC invocations=5807 (full 7):
 PSYoungGen      total 4608K, used 4352K [0x00000000d5580000, 0x00000000d5c00000, 0x0000000100000000)
  eden space 2560K, 100% used [0x00000000d5580000,0x00000000d5800000,0x00000000d5800000)
  from space 2048K, 87% used [0x00000000d5a00000,0x00000000d5bc0000,0x00000000d5c00000)
  to   space 2048K, 0% used [0x00000000d5800000,0x00000000d5800000,0x00000000d5a00000)
 ParOldGen       total 1138176K, used 1137910K [0x0000000080000000, 0x00000000c5780000, 0x00000000d5580000)
  object space 1138176K, 99% used [0x0000000080000000,0x00000000c573dbf8,0x00000000c5780000)
 Metaspace       used 93262K, committed 95104K, reserved 1179648K
  class space    used 9164K, committed 10112K, reserved 1048576K
}
Event: 4351.633 GC heap after
{Heap after GC invocations=5807 (full 7):
 PSYoungGen      total 4608K, used 2022K [0x00000000d5580000, 0x00000000d6080000, 0x0000000100000000)
  eden space 2560K, 0% used [0x00000000d5580000,0x00000000d5580000,0x00000000d5800000)
  from space 2048K, 98% used [0x00000000d5800000,0x00000000d59f9a90,0x00000000d5a00000)
  to   space 4096K, 0% used [0x00000000d5c80000,0x00000000d5c80000,0x00000000d6080000)
 ParOldGen       total 1139712K, used 1139606K [0x0000000080000000, 0x00000000c5900000, 0x00000000d5580000)
  object space 1139712K, 99% used [0x0000000080000000,0x00000000c58e5bf8,0x00000000c5900000)
 Metaspace       used 93262K, committed 95104K, reserved 1179648K
  class space    used 9164K, committed 10112K, reserved 1048576K
}
Event: 4351.639 GC heap before
{Heap before GC invocations=5808 (full 7):
 PSYoungGen      total 4608K, used 4582K [0x00000000d5580000, 0x00000000d6080000, 0x0000000100000000)
  eden space 2560K, 100% used [0x00000000d5580000,0x00000000d5800000,0x00000000d5800000)
  from space 2048K, 98% used [0x00000000d5800000,0x00000000d59f9a90,0x00000000d5a00000)
  to   space 4096K, 0% used [0x00000000d5c80000,0x00000000d5c80000,0x00000000d6080000)
 ParOldGen       total 1139712K, used 1139606K [0x0000000080000000, 0x00000000c5900000, 0x00000000d5580000)
  object space 1139712K, 99% used [0x0000000080000000,0x00000000c58e5bf8,0x00000000c5900000)
 Metaspace       used 93262K, committed 95104K, reserved 1179648K
  class space    used 9164K, committed 10112K, reserved 1048576K
}
Event: 4351.641 GC heap after
{Heap after GC invocations=5808 (full 7):
 PSYoungGen      total 5632K, used 2416K [0x00000000d5580000, 0x00000000d5f00000, 0x0000000100000000)
  eden space 3072K, 0% used [0x00000000d5580000,0x00000000d5580000,0x00000000d5880000)
  from space 2560K, 94% used [0x00000000d5c80000,0x00000000d5edc000,0x00000000d5f00000)
  to   space 3072K, 0% used [0x00000000d5900000,0x00000000d5900000,0x00000000d5c00000)
 ParOldGen       total 1142272K, used 1141972K [0x0000000080000000, 0x00000000c5b80000, 0x00000000d5580000)
  object space 1142272K, 99% used [0x0000000080000000,0x00000000c5b35118,0x00000000c5b80000)
 Metaspace       used 93262K, committed 95104K, reserved 1179648K
  class space    used 9164K, committed 10112K, reserved 1048576K
}
Event: 4351.662 GC heap before
{Heap before GC invocations=5809 (full 7):
 PSYoungGen      total 5632K, used 5488K [0x00000000d5580000, 0x00000000d5f00000, 0x0000000100000000)
  eden space 3072K, 100% used [0x00000000d5580000,0x00000000d5880000,0x00000000d5880000)
  from space 2560K, 94% used [0x00000000d5c80000,0x00000000d5edc000,0x00000000d5f00000)
  to   space 3072K, 0% used [0x00000000d5900000,0x00000000d5900000,0x00000000d5c00000)
 ParOldGen       total 1142272K, used 1141972K [0x0000000080000000, 0x00000000c5b80000, 0x00000000d5580000)
  object space 1142272K, 99% used [0x0000000080000000,0x00000000c5b35118,0x00000000c5b80000)
 Metaspace       used 93262K, committed 95104K, reserved 1179648K
  class space    used 9164K, committed 10112K, reserved 1048576K
}
Event: 4351.665 GC heap after
{Heap after GC invocations=5809 (full 7):
 PSYoungGen      total 4608K, used 832K [0x00000000d5580000, 0x00000000d5d00000, 0x0000000100000000)
  eden space 3584K, 0% used [0x00000000d5580000,0x00000000d5580000,0x00000000d5900000)
  from space 1024K, 81% used [0x00000000d5900000,0x00000000d59d0000,0x00000000d5a00000)
  to   space 1536K, 0% used [0x00000000d5b80000,0x00000000d5b80000,0x00000000d5d00000)
 ParOldGen       total 1144320K, used 1144220K [0x0000000080000000, 0x00000000c5d80000, 0x00000000d5580000)
  object space 1144320K, 99% used [0x0000000080000000,0x00000000c5d67118,0x00000000c5d80000)
 Metaspace       used 93262K, committed 95104K, reserved 1179648K
  class space    used 9164K, committed 10112K, reserved 1048576K
}
Event: 4351.669 GC heap before
{Heap before GC invocations=5810 (full 7):
 PSYoungGen      total 4608K, used 4416K [0x00000000d5580000, 0x00000000d5d00000, 0x0000000100000000)
  eden space 3584K, 100% used [0x00000000d5580000,0x00000000d5900000,0x00000000d5900000)
  from space 1024K, 81% used [0x00000000d5900000,0x00000000d59d0000,0x00000000d5a00000)
  to   space 1536K, 0% used [0x00000000d5b80000,0x00000000d5b80000,0x00000000d5d00000)
 ParOldGen       total 1144320K, used 1144220K [0x0000000080000000, 0x00000000c5d80000, 0x00000000d5580000)
  object space 1144320K, 99% used [0x0000000080000000,0x00000000c5d67118,0x00000000c5d80000)
 Metaspace       used 93262K, committed 95104K, reserved 1179648K
  class space    used 9164K, committed 10112K, reserved 1048576K
}
Event: 4351.670 GC heap after
{Heap after GC invocations=5810 (full 7):
 PSYoungGen      total 6144K, used 1008K [0x00000000d5580000, 0x00000000d5d00000, 0x0000000100000000)
  eden space 4608K, 0% used [0x00000000d5580000,0x00000000d5580000,0x00000000d5a00000)
  from space 1536K, 65% used [0x00000000d5b80000,0x00000000d5c7c010,0x00000000d5d00000)
  to   space 1536K, 0% used [0x00000000d5a00000,0x00000000d5a00000,0x00000000d5b80000)
 ParOldGen       total 1144832K, used 1144489K [0x0000000080000000, 0x00000000c5e00000, 0x00000000d5580000)
  object space 1144832K, 99% used [0x0000000080000000,0x00000000c5daa618,0x00000000c5e00000)
 Metaspace       used 93262K, committed 95104K, reserved 1179648K
  class space    used 9164K, committed 10112K, reserved 1048576K
}
Event: 4352.163 GC heap before
{Heap before GC invocations=5811 (full 7):
 PSYoungGen      total 6144K, used 5616K [0x00000000d5580000, 0x00000000d5d00000, 0x0000000100000000)
  eden space 4608K, 100% used [0x00000000d5580000,0x00000000d5a00000,0x00000000d5a00000)
  from space 1536K, 65% used [0x00000000d5b80000,0x00000000d5c7c010,0x00000000d5d00000)
  to   space 1536K, 0% used [0x00000000d5a00000,0x00000000d5a00000,0x00000000d5b80000)
 ParOldGen       total 1144832K, used 1144489K [0x0000000080000000, 0x00000000c5e00000, 0x00000000d5580000)
  object space 1144832K, 99% used [0x0000000080000000,0x00000000c5daa618,0x00000000c5e00000)
 Metaspace       used 93267K, committed 95104K, reserved 1179648K
  class space    used 9164K, committed 10112K, reserved 1048576K
}
Event: 4352.167 GC heap after
{Heap after GC invocations=5811 (full 7):
 PSYoungGen      total 6144K, used 352K [0x00000000d5580000, 0x00000000d5d00000, 0x0000000100000000)
  eden space 4608K, 0% used [0x00000000d5580000,0x00000000d5580000,0x00000000d5a00000)
  from space 1536K, 22% used [0x00000000d5a00000,0x00000000d5a58000,0x00000000d5b80000)
  to   space 1024K, 0% used [0x00000000d5c00000,0x00000000d5c00000,0x00000000d5d00000)
 ParOldGen       total 1144832K, used 1144553K [0x0000000080000000, 0x00000000c5e00000, 0x00000000d5580000)
  object space 1144832K, 99% used [0x0000000080000000,0x00000000c5dba618,0x00000000c5e00000)
 Metaspace       used 93267K, committed 95104K, reserved 1179648K
  class space    used 9164K, committed 10112K, reserved 1048576K
}
Event: 4352.268 GC heap before
{Heap before GC invocations=5812 (full 7):
 PSYoungGen      total 6144K, used 4960K [0x00000000d5580000, 0x00000000d5d00000, 0x0000000100000000)
  eden space 4608K, 100% used [0x00000000d5580000,0x00000000d5a00000,0x00000000d5a00000)
  from space 1536K, 22% used [0x00000000d5a00000,0x00000000d5a58000,0x00000000d5b80000)
  to   space 1024K, 0% used [0x00000000d5c00000,0x00000000d5c00000,0x00000000d5d00000)
 ParOldGen       total 1144832K, used 1144553K [0x0000000080000000, 0x00000000c5e00000, 0x00000000d5580000)
  object space 1144832K, 99% used [0x0000000080000000,0x00000000c5dba618,0x00000000c5e00000)
 Metaspace       used 93267K, committed 95104K, reserved 1179648K
  class space    used 9164K, committed 10112K, reserved 1048576K
}
Event: 4352.270 GC heap after
{Heap after GC invocations=5812 (full 7):
 PSYoungGen      total 5120K, used 400K [0x00000000d5580000, 0x00000000d5c80000, 0x0000000100000000)
  eden space 4608K, 0% used [0x00000000d5580000,0x00000000d5580000,0x00000000d5a00000)
  from space 512K, 78% used [0x00000000d5c00000,0x00000000d5c64010,0x00000000d5c80000)
  to   space 512K, 0% used [0x00000000d5b80000,0x00000000d5b80000,0x00000000d5c00000)
 ParOldGen       total 1144832K, used 1144633K [0x0000000080000000, 0x00000000c5e00000, 0x00000000d5580000)
  object space 1144832K, 99% used [0x0000000080000000,0x00000000c5dce618,0x00000000c5e00000)
 Metaspace       used 93267K, committed 95104K, reserved 1179648K
  class space    used 9164K, committed 10112K, reserved 1048576K
}

