# JRE version: OpenJDK Runtime Environment Temurin-21.0.8+9 (21.0.8+9) (build 21.0.8+9-LTS)
# Java VM: OpenJDK 64-Bit Server VM Temurin-21.0.8+9 (21.0.8+9-LTS, mixed mode, sharing, tiered, compressed oops, compressed class ptrs, parallel gc, windows-amd64)
GC Precious Log:
 CardTable entry size: 512
 CPUs: 12 total, 12 available
 Memory: 16181M
 Large Page Support: Disabled
 NUMA Support: Disabled
 Compressed Oops: Enabled (32-bit)
 Alignments: Space 512K, Generation 512K, Heap 2M
 Heap Min Capacity: 100M
 Heap Initial Capacity: 100M
 Heap Max Capacity: 2G
 Pre-touch: Disabled
 Parallel Workers: 10
Heap:
 PSYoungGen      total 8192K, used 1982K [0x00000000d5580000, 0x00000000d5f80000, 0x0000000100000000)
  eden space 6656K, 8% used [0x00000000d5580000,0x00000000d5611bf0,0x00000000d5c00000)
  from space 1536K, 91% used [0x00000000d5e00000,0x00000000d5f5ddb8,0x00000000d5f80000)
  to   space 1536K, 0% used [0x00000000d5c80000,0x00000000d5c80000,0x00000000d5e00000)
 ParOldGen       total 172544K, used 172484K [0x0000000080000000, 0x000000008a880000, 0x00000000d5580000)
  object space 172544K, 99% used [0x0000000080000000,0x000000008a8711f0,0x000000008a880000)
 Metaspace       used 50950K, committed 52352K, reserved 1114112K
  class space    used 5550K, committed 6144K, reserved 1048576K
GC Heap History (20 events):
Event: 5.127 GC heap before
{Heap before GC invocations=103 (full 2):
 PSYoungGen      total 8704K, used 8377K [0x00000000d5580000, 0x00000000d6000000, 0x0000000100000000)
  eden space 7168K, 100% used [0x00000000d5580000,0x00000000d5c80000,0x00000000d5c80000)
  from space 1536K, 78% used [0x00000000d5e80000,0x00000000d5fae748,0x00000000d6000000)
  to   space 1536K, 0% used [0x00000000d5d00000,0x00000000d5d00000,0x00000000d5e80000)
 ParOldGen       total 159232K, used 158852K [0x0000000080000000, 0x0000000089b80000, 0x00000000d5580000)
  object space 159232K, 99% used [0x0000000080000000,0x0000000089b21328,0x0000000089b80000)
 Metaspace       used 50226K, committed 51584K, reserved 1114112K
  class space    used 5464K, committed 6080K, reserved 1048576K
}
Event: 5.128 GC heap after
{Heap after GC invocations=103 (full 2):
 PSYoungGen      total 8704K, used 1088K [0x00000000d5580000, 0x00000000d5f80000, 0x0000000100000000)
  eden space 7168K, 0% used [0x00000000d5580000,0x00000000d5580000,0x00000000d5c80000)
  from space 1536K, 70% used [0x00000000d5d00000,0x00000000d5e10000,0x00000000d5e80000)
  to   space 1024K, 0% used [0x00000000d5e80000,0x00000000d5e80000,0x00000000d5f80000)
 ParOldGen       total 160256K, used 159881K [0x0000000080000000, 0x0000000089c80000, 0x00000000d5580000)
  object space 160256K, 99% used [0x0000000080000000,0x0000000089c226f0,0x0000000089c80000)
 Metaspace       used 50226K, committed 51584K, reserved 1114112K
  class space    used 5464K, committed 6080K, reserved 1048576K
}
Event: 5.133 GC heap before
{Heap before GC invocations=104 (full 2):
 PSYoungGen      total 8704K, used 8256K [0x00000000d5580000, 0x00000000d5f80000, 0x0000000100000000)
  eden space 7168K, 100% used [0x00000000d5580000,0x00000000d5c80000,0x00000000d5c80000)
  from space 1536K, 70% used [0x00000000d5d00000,0x00000000d5e10000,0x00000000d5e80000)
  to   space 1024K, 0% used [0x00000000d5e80000,0x00000000d5e80000,0x00000000d5f80000)
 ParOldGen       total 160256K, used 159881K [0x0000000080000000, 0x0000000089c80000, 0x00000000d5580000)
  object space 160256K, 99% used [0x0000000080000000,0x0000000089c226f0,0x0000000089c80000)
 Metaspace       used 50226K, committed 51584K, reserved 1114112K
  class space    used 5464K, committed 6080K, reserved 1048576K
}
Event: 5.135 GC heap after
{Heap after GC invocations=104 (full 2):
 PSYoungGen      total 7680K, used 1024K [0x00000000d5580000, 0x00000000d6180000, 0x0000000100000000)
  eden space 6656K, 0% used [0x00000000d5580000,0x00000000d5580000,0x00000000d5c00000)
  from space 1024K, 100% used [0x00000000d5e80000,0x00000000d5f80000,0x00000000d5f80000)
  to   space 2560K, 0% used [0x00000000d5c00000,0x00000000d5c00000,0x00000000d5e80000)
 ParOldGen       total 161280K, used 160847K [0x0000000080000000, 0x0000000089d80000, 0x00000000d5580000)
  object space 161280K, 99% used [0x0000000080000000,0x0000000089d13dc8,0x0000000089d80000)
 Metaspace       used 50226K, committed 51584K, reserved 1114112K
  class space    used 5464K, committed 6080K, reserved 1048576K
}
Event: 5.143 GC heap before
{Heap before GC invocations=105 (full 2):
 PSYoungGen      total 7680K, used 7680K [0x00000000d5580000, 0x00000000d6180000, 0x0000000100000000)
  eden space 6656K, 100% used [0x00000000d5580000,0x00000000d5c00000,0x00000000d5c00000)
  from space 1024K, 100% used [0x00000000d5e80000,0x00000000d5f80000,0x00000000d5f80000)
  to   space 2560K, 0% used [0x00000000d5c00000,0x00000000d5c00000,0x00000000d5e80000)
 ParOldGen       total 161280K, used 160847K [0x0000000080000000, 0x0000000089d80000, 0x00000000d5580000)
  object space 161280K, 99% used [0x0000000080000000,0x0000000089d13dc8,0x0000000089d80000)
 Metaspace       used 50230K, committed 51584K, reserved 1114112K
  class space    used 5464K, committed 6080K, reserved 1048576K
}
Event: 5.144 GC heap after
{Heap after GC invocations=105 (full 2):
 PSYoungGen      total 8192K, used 1320K [0x00000000d5580000, 0x00000000d6000000, 0x0000000100000000)
  eden space 6656K, 0% used [0x00000000d5580000,0x00000000d5580000,0x00000000d5c00000)
  from space 1536K, 85% used [0x00000000d5c00000,0x00000000d5d4a1d0,0x00000000d5d80000)
  to   space 2048K, 0% used [0x00000000d5e00000,0x00000000d5e00000,0x00000000d6000000)
 ParOldGen       total 161792K, used 161754K [0x0000000080000000, 0x0000000089e00000, 0x00000000d5580000)
  object space 161792K, 99% used [0x0000000080000000,0x0000000089df68d8,0x0000000089e00000)
 Metaspace       used 50230K, committed 51584K, reserved 1114112K
  class space    used 5464K, committed 6080K, reserved 1048576K
}
Event: 5.150 GC heap before
{Heap before GC invocations=106 (full 2):
 PSYoungGen      total 8192K, used 7976K [0x00000000d5580000, 0x00000000d6000000, 0x0000000100000000)
  eden space 6656K, 100% used [0x00000000d5580000,0x00000000d5c00000,0x00000000d5c00000)
  from space 1536K, 85% used [0x00000000d5c00000,0x00000000d5d4a1d0,0x00000000d5d80000)
  to   space 2048K, 0% used [0x00000000d5e00000,0x00000000d5e00000,0x00000000d6000000)
 ParOldGen       total 161792K, used 161754K [0x0000000080000000, 0x0000000089e00000, 0x00000000d5580000)
  object space 161792K, 99% used [0x0000000080000000,0x0000000089df68d8,0x0000000089e00000)
 Metaspace       used 50235K, committed 51648K, reserved 1114112K
  class space    used 5464K, committed 6080K, reserved 1048576K
}
Event: 5.151 GC heap after
{Heap after GC invocations=106 (full 2):
 PSYoungGen      total 8192K, used 1032K [0x00000000d5580000, 0x00000000d5f80000, 0x0000000100000000)
  eden space 6656K, 0% used [0x00000000d5580000,0x00000000d5580000,0x00000000d5c00000)
  from space 1536K, 67% used [0x00000000d5e00000,0x00000000d5f02180,0x00000000d5f80000)
  to   space 1536K, 0% used [0x00000000d5c00000,0x00000000d5c00000,0x00000000d5d80000)
 ParOldGen       total 163328K, used 162846K [0x0000000080000000, 0x0000000089f80000, 0x00000000d5580000)
  object space 163328K, 99% used [0x0000000080000000,0x0000000089f079d8,0x0000000089f80000)
 Metaspace       used 50235K, committed 51648K, reserved 1114112K
  class space    used 5464K, committed 6080K, reserved 1048576K
}
Event: 5.155 GC heap before
{Heap before GC invocations=107 (full 2):
 PSYoungGen      total 8192K, used 7688K [0x00000000d5580000, 0x00000000d5f80000, 0x0000000100000000)
  eden space 6656K, 100% used [0x00000000d5580000,0x00000000d5c00000,0x00000000d5c00000)
  from space 1536K, 67% used [0x00000000d5e00000,0x00000000d5f02180,0x00000000d5f80000)
  to   space 1536K, 0% used [0x00000000d5c00000,0x00000000d5c00000,0x00000000d5d80000)
 ParOldGen       total 163328K, used 162846K [0x0000000080000000, 0x0000000089f80000, 0x00000000d5580000)
  object space 163328K, 99% used [0x0000000080000000,0x0000000089f079d8,0x0000000089f80000)
 Metaspace       used 50235K, committed 51648K, reserved 1114112K
  class space    used 5464K, committed 6080K, reserved 1048576K
}
Event: 5.158 GC heap after
{Heap after GC invocations=107 (full 2):
 PSYoungGen      total 8192K, used 912K [0x00000000d5580000, 0x00000000d5f80000, 0x0000000100000000)
  eden space 6656K, 0% used [0x00000000d5580000,0x00000000d5580000,0x00000000d5c00000)
  from space 1536K, 59% used [0x00000000d5c00000,0x00000000d5ce42c0,0x00000000d5d80000)
  to   space 1024K, 0% used [0x00000000d5e80000,0x00000000d5e80000,0x00000000d5f80000)
 ParOldGen       total 163840K, used 163756K [0x0000000080000000, 0x000000008a000000, 0x00000000d5580000)
  object space 163840K, 99% used [0x0000000080000000,0x0000000089feb248,0x000000008a000000)
 Metaspace       used 50235K, committed 51648K, reserved 1114112K
  class space    used 5464K, committed 6080K, reserved 1048576K
}
Event: 5.165 GC heap before
{Heap before GC invocations=108 (full 2):
 PSYoungGen      total 8192K, used 7568K [0x00000000d5580000, 0x00000000d5f80000, 0x0000000100000000)
  eden space 6656K, 100% used [0x00000000d5580000,0x00000000d5c00000,0x00000000d5c00000)
  from space 1536K, 59% used [0x00000000d5c00000,0x00000000d5ce42c0,0x00000000d5d80000)
  to   space 1024K, 0% used [0x00000000d5e80000,0x00000000d5e80000,0x00000000d5f80000)
 ParOldGen       total 163840K, used 163756K [0x0000000080000000, 0x000000008a000000, 0x00000000d5580000)
  object space 163840K, 99% used [0x0000000080000000,0x0000000089feb248,0x000000008a000000)
 Metaspace       used 50240K, committed 51648K, reserved 1114112K
  class space    used 5464K, committed 6080K, reserved 1048576K
}
Event: 5.166 GC heap after
{Heap after GC invocations=108 (full 2):
 PSYoungGen      total 7680K, used 960K [0x00000000d5580000, 0x00000000d5f80000, 0x0000000100000000)
  eden space 6656K, 0% used [0x00000000d5580000,0x00000000d5580000,0x00000000d5c00000)
  from space 1024K, 93% used [0x00000000d5e80000,0x00000000d5f70000,0x00000000d5f80000)
  to   space 1024K, 0% used [0x00000000d5d80000,0x00000000d5d80000,0x00000000d5e80000)
 ParOldGen       total 164864K, used 164484K [0x0000000080000000, 0x000000008a100000, 0x00000000d5580000)
  object space 164864K, 99% used [0x0000000080000000,0x000000008a0a10e8,0x000000008a100000)
 Metaspace       used 50240K, committed 51648K, reserved 1114112K
  class space    used 5464K, committed 6080K, reserved 1048576K
}
Event: 5.177 GC heap before
{Heap before GC invocations=109 (full 2):
 PSYoungGen      total 7680K, used 7616K [0x00000000d5580000, 0x00000000d5f80000, 0x0000000100000000)
  eden space 6656K, 100% used [0x00000000d5580000,0x00000000d5c00000,0x00000000d5c00000)
  from space 1024K, 93% used [0x00000000d5e80000,0x00000000d5f70000,0x00000000d5f80000)
  to   space 1024K, 0% used [0x00000000d5d80000,0x00000000d5d80000,0x00000000d5e80000)
 ParOldGen       total 164864K, used 164484K [0x0000000080000000, 0x000000008a100000, 0x00000000d5580000)
  object space 164864K, 99% used [0x0000000080000000,0x000000008a0a10e8,0x000000008a100000)
 Metaspace       used 50358K, committed 51712K, reserved 1114112K
  class space    used 5478K, committed 6080K, reserved 1048576K
}
Event: 5.179 GC heap after
{Heap after GC invocations=109 (full 2):
 PSYoungGen      total 7680K, used 1013K [0x00000000d5580000, 0x00000000d6100000, 0x0000000100000000)
  eden space 6656K, 0% used [0x00000000d5580000,0x00000000d5580000,0x00000000d5c00000)
  from space 1024K, 98% used [0x00000000d5d80000,0x00000000d5e7d598,0x00000000d5e80000)
  to   space 2560K, 0% used [0x00000000d5e80000,0x00000000d5e80000,0x00000000d6100000)
 ParOldGen       total 165888K, used 165588K [0x0000000080000000, 0x000000008a200000, 0x00000000d5580000)
  object space 165888K, 99% used [0x0000000080000000,0x000000008a1b50c8,0x000000008a200000)
 Metaspace       used 50358K, committed 51712K, reserved 1114112K
  class space    used 5478K, committed 6080K, reserved 1048576K
}
Event: 5.188 GC heap before
{Heap before GC invocations=110 (full 2):
 PSYoungGen      total 7680K, used 7669K [0x00000000d5580000, 0x00000000d6100000, 0x0000000100000000)
  eden space 6656K, 100% used [0x00000000d5580000,0x00000000d5c00000,0x00000000d5c00000)
  from space 1024K, 98% used [0x00000000d5d80000,0x00000000d5e7d598,0x00000000d5e80000)
  to   space 2560K, 0% used [0x00000000d5e80000,0x00000000d5e80000,0x00000000d6100000)
 ParOldGen       total 165888K, used 165588K [0x0000000080000000, 0x000000008a200000, 0x00000000d5580000)
  object space 165888K, 99% used [0x0000000080000000,0x000000008a1b50c8,0x000000008a200000)
 Metaspace       used 50406K, committed 51776K, reserved 1114112K
  class space    used 5487K, committed 6080K, reserved 1048576K
}
Event: 5.190 GC heap after
{Heap after GC invocations=110 (full 2):
 PSYoungGen      total 9216K, used 2099K [0x00000000d5580000, 0x00000000d6100000, 0x0000000100000000)
  eden space 6656K, 0% used [0x00000000d5580000,0x00000000d5580000,0x00000000d5c00000)
  from space 2560K, 81% used [0x00000000d5e80000,0x00000000d608cc38,0x00000000d6100000)
  to   space 2560K, 0% used [0x00000000d5c00000,0x00000000d5c00000,0x00000000d5e80000)
 ParOldGen       total 166912K, used 166558K [0x0000000080000000, 0x000000008a300000, 0x00000000d5580000)
  object space 166912K, 99% used [0x0000000080000000,0x000000008a2a7840,0x000000008a300000)
 Metaspace       used 50406K, committed 51776K, reserved 1114112K
  class space    used 5487K, committed 6080K, reserved 1048576K
}
Event: 5.202 GC heap before
{Heap before GC invocations=111 (full 2):
 PSYoungGen      total 9216K, used 8755K [0x00000000d5580000, 0x00000000d6100000, 0x0000000100000000)
  eden space 6656K, 100% used [0x00000000d5580000,0x00000000d5c00000,0x00000000d5c00000)
  from space 2560K, 81% used [0x00000000d5e80000,0x00000000d608cc38,0x00000000d6100000)
  to   space 2560K, 0% used [0x00000000d5c00000,0x00000000d5c00000,0x00000000d5e80000)
 ParOldGen       total 166912K, used 166558K [0x0000000080000000, 0x000000008a300000, 0x00000000d5580000)
  object space 166912K, 99% used [0x0000000080000000,0x000000008a2a7840,0x000000008a300000)
 Metaspace       used 50496K, committed 51840K, reserved 1114112K
  class space    used 5498K, committed 6080K, reserved 1048576K
}
Event: 5.204 GC heap after
{Heap after GC invocations=111 (full 2):
 PSYoungGen      total 8704K, used 1549K [0x00000000d5580000, 0x00000000d6000000, 0x0000000100000000)
  eden space 6656K, 0% used [0x00000000d5580000,0x00000000d5580000,0x00000000d5c00000)
  from space 2048K, 75% used [0x00000000d5c00000,0x00000000d5d83448,0x00000000d5e00000)
  to   space 2048K, 0% used [0x00000000d5e00000,0x00000000d5e00000,0x00000000d6000000)
 ParOldGen       total 168960K, used 168483K [0x0000000080000000, 0x000000008a500000, 0x00000000d5580000)
  object space 168960K, 99% used [0x0000000080000000,0x000000008a488e98,0x000000008a500000)
 Metaspace       used 50496K, committed 51840K, reserved 1114112K
  class space    used 5498K, committed 6080K, reserved 1048576K
}
Event: 5.219 GC heap before
{Heap before GC invocations=112 (full 2):
 PSYoungGen      total 8704K, used 8205K [0x00000000d5580000, 0x00000000d6000000, 0x0000000100000000)
  eden space 6656K, 100% used [0x00000000d5580000,0x00000000d5c00000,0x00000000d5c00000)
  from space 2048K, 75% used [0x00000000d5c00000,0x00000000d5d83448,0x00000000d5e00000)
  to   space 2048K, 0% used [0x00000000d5e00000,0x00000000d5e00000,0x00000000d6000000)
 ParOldGen       total 168960K, used 168483K [0x0000000080000000, 0x000000008a500000, 0x00000000d5580000)
  object space 168960K, 99% used [0x0000000080000000,0x000000008a488e98,0x000000008a500000)
 Metaspace       used 50708K, committed 52096K, reserved 1114112K
  class space    used 5515K, committed 6080K, reserved 1048576K
}
Event: 5.220 GC heap after
{Heap after GC invocations=112 (full 2):
 PSYoungGen      total 8192K, used 1433K [0x00000000d5580000, 0x00000000d5f80000, 0x0000000100000000)
  eden space 6656K, 0% used [0x00000000d5580000,0x00000000d5580000,0x00000000d5c00000)
  from space 1536K, 93% used [0x00000000d5e00000,0x00000000d5f66528,0x00000000d5f80000)
  to   space 1536K, 0% used [0x00000000d5c80000,0x00000000d5c80000,0x00000000d5e00000)
 ParOldGen       total 169984K, used 169879K [0x0000000080000000, 0x000000008a600000, 0x00000000d5580000)
  object space 169984K, 99% used [0x0000000080000000,0x000000008a5e5cb0,0x000000008a600000)
 Metaspace       used 50708K, committed 52096K, reserved 1114112K
  class space    used 5515K, committed 6080K, reserved 1048576K
}

