# JRE version: OpenJDK Runtime Environment Temurin-21.0.8+9 (21.0.8+9) (build 21.0.8+9-LTS)
# Java VM: OpenJDK 64-Bit Server VM Temurin-21.0.8+9 (21.0.8+9-LTS, mixed mode, sharing, tiered, compressed oops, compressed class ptrs, parallel gc, windows-amd64)
GC Precious Log:
 CardTable entry size: 512
 CPUs: 12 total, 12 available
 Memory: 16181M
 Large Page Support: Disabled
 NUMA Support: Disabled
 Compressed Oops: Enabled (32-bit)
 Alignments: Space 512K, Generation 512K, Heap 2M
 Heap Min Capacity: 100M
 Heap Initial Capacity: 100M
 Heap Max Capacity: 2G
 Pre-touch: Disabled
 Parallel Workers: 10
Heap:
 PSYoungGen      total 12800K, used 11372K [0x00000000d5580000, 0x00000000d6480000, 0x0000000100000000)
  eden space 10240K, 90% used [0x00000000d5580000,0x00000000d5e97bb0,0x00000000d5f80000)
  from space 2560K, 80% used [0x00000000d6200000,0x00000000d6403640,0x00000000d6480000)
  to   space 2560K, 0% used [0x00000000d5f80000,0x00000000d5f80000,0x00000000d6200000)
 ParOldGen       total 96256K, used 96001K [0x0000000080000000, 0x0000000085e00000, 0x00000000d5580000)
  object space 96256K, 99% used [0x0000000080000000,0x0000000085dc0790,0x0000000085e00000)
 Metaspace       used 48757K, committed 50112K, reserved 1114112K
  class space    used 5271K, committed 5888K, reserved 1048576K
GC Heap History (20 events):
Event: 8.669 GC heap before
{Heap before GC invocations=40 (full 2):
 PSYoungGen      total 13824K, used 13818K [0x00000000d5580000, 0x00000000d6b00000, 0x0000000100000000)
  eden space 11776K, 100% used [0x00000000d5580000,0x00000000d6100000,0x00000000d6100000)
  from space 2048K, 99% used [0x00000000d6180000,0x00000000d637eab0,0x00000000d6380000)
  to   space 5120K, 0% used [0x00000000d6600000,0x00000000d6600000,0x00000000d6b00000)
 ParOldGen       total 73728K, used 73462K [0x0000000080000000, 0x0000000084800000, 0x00000000d5580000)
  object space 73728K, 99% used [0x0000000080000000,0x00000000847bd828,0x0000000084800000)
 Metaspace       used 48434K, committed 49792K, reserved 1114112K
  class space    used 5233K, committed 5824K, reserved 1048576K
}
Event: 8.672 GC heap after
{Heap after GC invocations=40 (full 2):
 PSYoungGen      total 14848K, used 2606K [0x00000000d5580000, 0x00000000d6900000, 0x0000000100000000)
  eden space 11776K, 0% used [0x00000000d5580000,0x00000000d5580000,0x00000000d6100000)
  from space 3072K, 84% used [0x00000000d6600000,0x00000000d688bb18,0x00000000d6900000)
  to   space 3584K, 0% used [0x00000000d6200000,0x00000000d6200000,0x00000000d6580000)
 ParOldGen       total 75776K, used 75481K [0x0000000080000000, 0x0000000084a00000, 0x00000000d5580000)
  object space 75776K, 99% used [0x0000000080000000,0x00000000849b67c0,0x0000000084a00000)
 Metaspace       used 48434K, committed 49792K, reserved 1114112K
  class space    used 5233K, committed 5824K, reserved 1048576K
}
Event: 8.718 GC heap before
{Heap before GC invocations=41 (full 2):
 PSYoungGen      total 14848K, used 14382K [0x00000000d5580000, 0x00000000d6900000, 0x0000000100000000)
  eden space 11776K, 100% used [0x00000000d5580000,0x00000000d6100000,0x00000000d6100000)
  from space 3072K, 84% used [0x00000000d6600000,0x00000000d688bb18,0x00000000d6900000)
  to   space 3584K, 0% used [0x00000000d6200000,0x00000000d6200000,0x00000000d6580000)
 ParOldGen       total 75776K, used 75481K [0x0000000080000000, 0x0000000084a00000, 0x00000000d5580000)
  object space 75776K, 99% used [0x0000000080000000,0x00000000849b67c0,0x0000000084a00000)
 Metaspace       used 48446K, committed 49792K, reserved 1114112K
  class space    used 5233K, committed 5824K, reserved 1048576K
}
Event: 8.721 GC heap after
{Heap after GC invocations=41 (full 2):
 PSYoungGen      total 14336K, used 2332K [0x00000000d5580000, 0x00000000d6680000, 0x0000000100000000)
  eden space 11776K, 0% used [0x00000000d5580000,0x00000000d5580000,0x00000000d6100000)
  from space 2560K, 91% used [0x00000000d6200000,0x00000000d6447068,0x00000000d6480000)
  to   space 2048K, 0% used [0x00000000d6480000,0x00000000d6480000,0x00000000d6680000)
 ParOldGen       total 78336K, used 77957K [0x0000000080000000, 0x0000000084c80000, 0x00000000d5580000)
  object space 78336K, 99% used [0x0000000080000000,0x0000000084c21658,0x0000000084c80000)
 Metaspace       used 48446K, committed 49792K, reserved 1114112K
  class space    used 5233K, committed 5824K, reserved 1048576K
}
Event: 8.757 GC heap before
{Heap before GC invocations=42 (full 2):
 PSYoungGen      total 14336K, used 14108K [0x00000000d5580000, 0x00000000d6680000, 0x0000000100000000)
  eden space 11776K, 100% used [0x00000000d5580000,0x00000000d6100000,0x00000000d6100000)
  from space 2560K, 91% used [0x00000000d6200000,0x00000000d6447068,0x00000000d6480000)
  to   space 2048K, 0% used [0x00000000d6480000,0x00000000d6480000,0x00000000d6680000)
 ParOldGen       total 78336K, used 77957K [0x0000000080000000, 0x0000000084c80000, 0x00000000d5580000)
  object space 78336K, 99% used [0x0000000080000000,0x0000000084c21658,0x0000000084c80000)
 Metaspace       used 48447K, committed 49792K, reserved 1114112K
  class space    used 5233K, committed 5824K, reserved 1048576K
}
Event: 8.759 GC heap after
{Heap after GC invocations=42 (full 2):
 PSYoungGen      total 12288K, used 2046K [0x00000000d5580000, 0x00000000d6b00000, 0x0000000100000000)
  eden space 10240K, 0% used [0x00000000d5580000,0x00000000d5580000,0x00000000d5f80000)
  from space 2048K, 99% used [0x00000000d6480000,0x00000000d667fa70,0x00000000d6680000)
  to   space 5120K, 0% used [0x00000000d5f80000,0x00000000d5f80000,0x00000000d6480000)
 ParOldGen       total 80896K, used 80384K [0x0000000080000000, 0x0000000084f00000, 0x00000000d5580000)
  object space 80896K, 99% used [0x0000000080000000,0x0000000084e803b0,0x0000000084f00000)
 Metaspace       used 48447K, committed 49792K, reserved 1114112K
  class space    used 5233K, committed 5824K, reserved 1048576K
}
Event: 8.792 GC heap before
{Heap before GC invocations=43 (full 2):
 PSYoungGen      total 12288K, used 12286K [0x00000000d5580000, 0x00000000d6b00000, 0x0000000100000000)
  eden space 10240K, 100% used [0x00000000d5580000,0x00000000d5f80000,0x00000000d5f80000)
  from space 2048K, 99% used [0x00000000d6480000,0x00000000d667fa70,0x00000000d6680000)
  to   space 5120K, 0% used [0x00000000d5f80000,0x00000000d5f80000,0x00000000d6480000)
 ParOldGen       total 80896K, used 80384K [0x0000000080000000, 0x0000000084f00000, 0x00000000d5580000)
  object space 80896K, 99% used [0x0000000080000000,0x0000000084e803b0,0x0000000084f00000)
 Metaspace       used 48451K, committed 49792K, reserved 1114112K
  class space    used 5233K, committed 5824K, reserved 1048576K
}
Event: 8.795 GC heap after
{Heap after GC invocations=43 (full 2):
 PSYoungGen      total 12800K, used 2186K [0x00000000d5580000, 0x00000000d6580000, 0x0000000100000000)
  eden space 10240K, 0% used [0x00000000d5580000,0x00000000d5580000,0x00000000d5f80000)
  from space 2560K, 85% used [0x00000000d5f80000,0x00000000d61a2ae8,0x00000000d6200000)
  to   space 3072K, 0% used [0x00000000d6280000,0x00000000d6280000,0x00000000d6580000)
 ParOldGen       total 82432K, used 82403K [0x0000000080000000, 0x0000000085080000, 0x00000000d5580000)
  object space 82432K, 99% used [0x0000000080000000,0x0000000085078e58,0x0000000085080000)
 Metaspace       used 48451K, committed 49792K, reserved 1114112K
  class space    used 5233K, committed 5824K, reserved 1048576K
}
Event: 8.844 GC heap before
{Heap before GC invocations=44 (full 2):
 PSYoungGen      total 12800K, used 12381K [0x00000000d5580000, 0x00000000d6580000, 0x0000000100000000)
  eden space 10240K, 99% used [0x00000000d5580000,0x00000000d5f74c10,0x00000000d5f80000)
  from space 2560K, 85% used [0x00000000d5f80000,0x00000000d61a2ae8,0x00000000d6200000)
  to   space 3072K, 0% used [0x00000000d6280000,0x00000000d6280000,0x00000000d6580000)
 ParOldGen       total 82432K, used 82403K [0x0000000080000000, 0x0000000085080000, 0x00000000d5580000)
  object space 82432K, 99% used [0x0000000080000000,0x0000000085078e58,0x0000000085080000)
 Metaspace       used 48452K, committed 49792K, reserved 1114112K
  class space    used 5233K, committed 5824K, reserved 1048576K
}
Event: 8.848 GC heap after
{Heap after GC invocations=44 (full 2):
 PSYoungGen      total 12800K, used 2105K [0x00000000d5580000, 0x00000000d6500000, 0x0000000100000000)
  eden space 10240K, 0% used [0x00000000d5580000,0x00000000d5580000,0x00000000d5f80000)
  from space 2560K, 82% used [0x00000000d6280000,0x00000000d648e688,0x00000000d6500000)
  to   space 2560K, 0% used [0x00000000d5f80000,0x00000000d5f80000,0x00000000d6200000)
 ParOldGen       total 84480K, used 84426K [0x0000000080000000, 0x0000000085280000, 0x00000000d5580000)
  object space 84480K, 99% used [0x0000000080000000,0x00000000852729a0,0x0000000085280000)
 Metaspace       used 48452K, committed 49792K, reserved 1114112K
  class space    used 5233K, committed 5824K, reserved 1048576K
}
Event: 8.883 GC heap before
{Heap before GC invocations=45 (full 2):
 PSYoungGen      total 12800K, used 12345K [0x00000000d5580000, 0x00000000d6500000, 0x0000000100000000)
  eden space 10240K, 100% used [0x00000000d5580000,0x00000000d5f80000,0x00000000d5f80000)
  from space 2560K, 82% used [0x00000000d6280000,0x00000000d648e688,0x00000000d6500000)
  to   space 2560K, 0% used [0x00000000d5f80000,0x00000000d5f80000,0x00000000d6200000)
 ParOldGen       total 84480K, used 84426K [0x0000000080000000, 0x0000000085280000, 0x00000000d5580000)
  object space 84480K, 99% used [0x0000000080000000,0x00000000852729a0,0x0000000085280000)
 Metaspace       used 48453K, committed 49792K, reserved 1114112K
  class space    used 5233K, committed 5824K, reserved 1048576K
}
Event: 8.885 GC heap after
{Heap after GC invocations=45 (full 2):
 PSYoungGen      total 12800K, used 2144K [0x00000000d5580000, 0x00000000d6480000, 0x0000000100000000)
  eden space 10240K, 0% used [0x00000000d5580000,0x00000000d5580000,0x00000000d5f80000)
  from space 2560K, 83% used [0x00000000d5f80000,0x00000000d6198158,0x00000000d6200000)
  to   space 2560K, 0% used [0x00000000d6200000,0x00000000d6200000,0x00000000d6480000)
 ParOldGen       total 86528K, used 86219K [0x0000000080000000, 0x0000000085480000, 0x00000000d5580000)
  object space 86528K, 99% used [0x0000000080000000,0x0000000085432e90,0x0000000085480000)
 Metaspace       used 48453K, committed 49792K, reserved 1114112K
  class space    used 5233K, committed 5824K, reserved 1048576K
}
Event: 8.912 GC heap before
{Heap before GC invocations=46 (full 2):
 PSYoungGen      total 12800K, used 12384K [0x00000000d5580000, 0x00000000d6480000, 0x0000000100000000)
  eden space 10240K, 100% used [0x00000000d5580000,0x00000000d5f80000,0x00000000d5f80000)
  from space 2560K, 83% used [0x00000000d5f80000,0x00000000d6198158,0x00000000d6200000)
  to   space 2560K, 0% used [0x00000000d6200000,0x00000000d6200000,0x00000000d6480000)
 ParOldGen       total 86528K, used 86219K [0x0000000080000000, 0x0000000085480000, 0x00000000d5580000)
  object space 86528K, 99% used [0x0000000080000000,0x0000000085432e90,0x0000000085480000)
 Metaspace       used 48461K, committed 49792K, reserved 1114112K
  class space    used 5233K, committed 5824K, reserved 1048576K
}
Event: 8.914 GC heap after
{Heap after GC invocations=46 (full 2):
 PSYoungGen      total 12800K, used 2182K [0x00000000d5580000, 0x00000000d6480000, 0x0000000100000000)
  eden space 10240K, 0% used [0x00000000d5580000,0x00000000d5580000,0x00000000d5f80000)
  from space 2560K, 85% used [0x00000000d6200000,0x00000000d6421a58,0x00000000d6480000)
  to   space 2560K, 0% used [0x00000000d5f80000,0x00000000d5f80000,0x00000000d6200000)
 ParOldGen       total 88576K, used 88181K [0x0000000080000000, 0x0000000085680000, 0x00000000d5580000)
  object space 88576K, 99% used [0x0000000080000000,0x000000008561d600,0x0000000085680000)
 Metaspace       used 48461K, committed 49792K, reserved 1114112K
  class space    used 5233K, committed 5824K, reserved 1048576K
}
Event: 8.951 GC heap before
{Heap before GC invocations=47 (full 2):
 PSYoungGen      total 12800K, used 12422K [0x00000000d5580000, 0x00000000d6480000, 0x0000000100000000)
  eden space 10240K, 100% used [0x00000000d5580000,0x00000000d5f80000,0x00000000d5f80000)
  from space 2560K, 85% used [0x00000000d6200000,0x00000000d6421a58,0x00000000d6480000)
  to   space 2560K, 0% used [0x00000000d5f80000,0x00000000d5f80000,0x00000000d6200000)
 ParOldGen       total 88576K, used 88181K [0x0000000080000000, 0x0000000085680000, 0x00000000d5580000)
  object space 88576K, 99% used [0x0000000080000000,0x000000008561d600,0x0000000085680000)
 Metaspace       used 48494K, committed 49792K, reserved 1114112K
  class space    used 5241K, committed 5824K, reserved 1048576K
}
Event: 8.953 GC heap after
{Heap after GC invocations=47 (full 2):
 PSYoungGen      total 12800K, used 2144K [0x00000000d5580000, 0x00000000d6480000, 0x0000000100000000)
  eden space 10240K, 0% used [0x00000000d5580000,0x00000000d5580000,0x00000000d5f80000)
  from space 2560K, 83% used [0x00000000d5f80000,0x00000000d6198188,0x00000000d6200000)
  to   space 2560K, 0% used [0x00000000d6200000,0x00000000d6200000,0x00000000d6480000)
 ParOldGen       total 90624K, used 90240K [0x0000000080000000, 0x0000000085880000, 0x00000000d5580000)
  object space 90624K, 99% used [0x0000000080000000,0x00000000858201f8,0x0000000085880000)
 Metaspace       used 48494K, committed 49792K, reserved 1114112K
  class space    used 5241K, committed 5824K, reserved 1048576K
}
Event: 9.010 GC heap before
{Heap before GC invocations=48 (full 2):
 PSYoungGen      total 12800K, used 12384K [0x00000000d5580000, 0x00000000d6480000, 0x0000000100000000)
  eden space 10240K, 100% used [0x00000000d5580000,0x00000000d5f80000,0x00000000d5f80000)
  from space 2560K, 83% used [0x00000000d5f80000,0x00000000d6198188,0x00000000d6200000)
  to   space 2560K, 0% used [0x00000000d6200000,0x00000000d6200000,0x00000000d6480000)
 ParOldGen       total 90624K, used 90240K [0x0000000080000000, 0x0000000085880000, 0x00000000d5580000)
  object space 90624K, 99% used [0x0000000080000000,0x00000000858201f8,0x0000000085880000)
 Metaspace       used 48655K, committed 49984K, reserved 1114112K
  class space    used 5256K, committed 5824K, reserved 1048576K
}
Event: 9.013 GC heap after
{Heap after GC invocations=48 (full 2):
 PSYoungGen      total 12800K, used 2169K [0x00000000d5580000, 0x00000000d6480000, 0x0000000100000000)
  eden space 10240K, 0% used [0x00000000d5580000,0x00000000d5580000,0x00000000d5f80000)
  from space 2560K, 84% used [0x00000000d6200000,0x00000000d641e6d8,0x00000000d6480000)
  to   space 2560K, 0% used [0x00000000d5f80000,0x00000000d5f80000,0x00000000d6200000)
 ParOldGen       total 92160K, used 92138K [0x0000000080000000, 0x0000000085a00000, 0x00000000d5580000)
  object space 92160K, 99% used [0x0000000080000000,0x00000000859faa90,0x0000000085a00000)
 Metaspace       used 48655K, committed 49984K, reserved 1114112K
  class space    used 5256K, committed 5824K, reserved 1048576K
}
Event: 9.063 GC heap before
{Heap before GC invocations=49 (full 2):
 PSYoungGen      total 12800K, used 12409K [0x00000000d5580000, 0x00000000d6480000, 0x0000000100000000)
  eden space 10240K, 100% used [0x00000000d5580000,0x00000000d5f80000,0x00000000d5f80000)
  from space 2560K, 84% used [0x00000000d6200000,0x00000000d641e6d8,0x00000000d6480000)
  to   space 2560K, 0% used [0x00000000d5f80000,0x00000000d5f80000,0x00000000d6200000)
 ParOldGen       total 92160K, used 92138K [0x0000000080000000, 0x0000000085a00000, 0x00000000d5580000)
  object space 92160K, 99% used [0x0000000080000000,0x00000000859faa90,0x0000000085a00000)
 Metaspace       used 48686K, committed 49984K, reserved 1114112K
  class space    used 5261K, committed 5824K, reserved 1048576K
}
Event: 9.065 GC heap after
{Heap after GC invocations=49 (full 2):
 PSYoungGen      total 12800K, used 2167K [0x00000000d5580000, 0x00000000d6480000, 0x0000000100000000)
  eden space 10240K, 0% used [0x00000000d5580000,0x00000000d5580000,0x00000000d5f80000)
  from space 2560K, 84% used [0x00000000d5f80000,0x00000000d619de50,0x00000000d6200000)
  to   space 2560K, 0% used [0x00000000d6200000,0x00000000d6200000,0x00000000d6480000)
 ParOldGen       total 94208K, used 94047K [0x0000000080000000, 0x0000000085c00000, 0x00000000d5580000)
  object space 94208K, 99% used [0x0000000080000000,0x0000000085bd7de0,0x0000000085c00000)
 Metaspace       used 48686K, committed 49984K, reserved 1114112K
  class space    used 5261K, committed 5824K, reserved 1048576K
}

