# JRE version: OpenJDK Runtime Environment Temurin-21.0.8+9 (21.0.8+9) (build 21.0.8+9-LTS)
# Java VM: OpenJDK 64-Bit Server VM Temurin-21.0.8+9 (21.0.8+9-LTS, mixed mode, sharing, tiered, compressed oops, compressed class ptrs, parallel gc, windows-amd64)
GC Precious Log:
 CardTable entry size: 512
 CPUs: 12 total, 12 available
 Memory: 16181M
 Large Page Support: Disabled
 NUMA Support: Disabled
 Compressed Oops: Enabled (32-bit)
 Alignments: Space 512K, Generation 512K, Heap 2M
 Heap Min Capacity: 100M
 Heap Initial Capacity: 100M
 Heap Max Capacity: 2G
 Pre-touch: Disabled
 Parallel Workers: 10
Heap:
 PSYoungGen      total 5632K, used 5319K [0x00000000d5580000, 0x00000000d5d00000, 0x0000000100000000)
  eden space 4608K, 93% used [0x00000000d5580000,0x00000000d59b44f0,0x00000000d5a00000)
  from space 1024K, 99% used [0x00000000d5a00000,0x00000000d5afda30,0x00000000d5b00000)
  to   space 1536K, 0% used [0x00000000d5b80000,0x00000000d5b80000,0x00000000d5d00000)
 ParOldGen       total 221184K, used 221091K [0x0000000080000000, 0x000000008d800000, 0x00000000d5580000)
  object space 221184K, 99% used [0x0000000080000000,0x000000008d7e8f40,0x000000008d800000)
 Metaspace       used 58483K, committed 59904K, reserved 1114112K
  class space    used 6394K, committed 6976K, reserved 1048576K
GC Heap History (20 events):
Event: 7.224 GC heap after
{Heap after GC invocations=193 (full 2):
 PSYoungGen      total 6144K, used 817K [0x00000000d5580000, 0x00000000d5c80000, 0x0000000100000000)
  eden space 4608K, 0% used [0x00000000d5580000,0x00000000d5580000,0x00000000d5a00000)
  from space 1536K, 53% used [0x00000000d5a00000,0x00000000d5acc7a0,0x00000000d5b80000)
  to   space 1024K, 0% used [0x00000000d5b80000,0x00000000d5b80000,0x00000000d5c80000)
 ParOldGen       total 213504K, used 213065K [0x0000000080000000, 0x000000008d080000, 0x00000000d5580000)
  object space 213504K, 99% used [0x0000000080000000,0x000000008d0126d8,0x000000008d080000)
 Metaspace       used 57322K, committed 58688K, reserved 1114112K
  class space    used 6278K, committed 6848K, reserved 1048576K
}
Event: 7.240 GC heap before
{Heap before GC invocations=194 (full 2):
 PSYoungGen      total 6144K, used 5425K [0x00000000d5580000, 0x00000000d5c80000, 0x0000000100000000)
  eden space 4608K, 100% used [0x00000000d5580000,0x00000000d5a00000,0x00000000d5a00000)
  from space 1536K, 53% used [0x00000000d5a00000,0x00000000d5acc7a0,0x00000000d5b80000)
  to   space 1024K, 0% used [0x00000000d5b80000,0x00000000d5b80000,0x00000000d5c80000)
 ParOldGen       total 213504K, used 213065K [0x0000000080000000, 0x000000008d080000, 0x00000000d5580000)
  object space 213504K, 99% used [0x0000000080000000,0x000000008d0126d8,0x000000008d080000)
 Metaspace       used 57601K, committed 59008K, reserved 1114112K
  class space    used 6310K, committed 6912K, reserved 1048576K
}
Event: 7.243 GC heap after
{Heap after GC invocations=194 (full 2):
 PSYoungGen      total 5632K, used 937K [0x00000000d5580000, 0x00000000d5c80000, 0x0000000100000000)
  eden space 4608K, 0% used [0x00000000d5580000,0x00000000d5580000,0x00000000d5a00000)
  from space 1024K, 91% used [0x00000000d5b80000,0x00000000d5c6a420,0x00000000d5c80000)
  to   space 1024K, 0% used [0x00000000d5a80000,0x00000000d5a80000,0x00000000d5b80000)
 ParOldGen       total 214016K, used 213698K [0x0000000080000000, 0x000000008d100000, 0x00000000d5580000)
  object space 214016K, 99% used [0x0000000080000000,0x000000008d0b0b08,0x000000008d100000)
 Metaspace       used 57601K, committed 59008K, reserved 1114112K
  class space    used 6310K, committed 6912K, reserved 1048576K
}
Event: 7.257 GC heap before
{Heap before GC invocations=195 (full 2):
 PSYoungGen      total 5632K, used 5545K [0x00000000d5580000, 0x00000000d5c80000, 0x0000000100000000)
  eden space 4608K, 99% used [0x00000000d5580000,0x00000000d59ffff0,0x00000000d5a00000)
  from space 1024K, 91% used [0x00000000d5b80000,0x00000000d5c6a420,0x00000000d5c80000)
  to   space 1024K, 0% used [0x00000000d5a80000,0x00000000d5a80000,0x00000000d5b80000)
 ParOldGen       total 214016K, used 213698K [0x0000000080000000, 0x000000008d100000, 0x00000000d5580000)
  object space 214016K, 99% used [0x0000000080000000,0x000000008d0b0b08,0x000000008d100000)
 Metaspace       used 57713K, committed 59136K, reserved 1114112K
  class space    used 6318K, committed 6912K, reserved 1048576K
}
Event: 9.268 GC heap after
{Heap after GC invocations=195 (full 2):
 PSYoungGen      total 5632K, used 997K [0x00000000d5580000, 0x00000000d5c80000, 0x0000000100000000)
  eden space 4608K, 0% used [0x00000000d5580000,0x00000000d5580000,0x00000000d5a00000)
  from space 1024K, 97% used [0x00000000d5a80000,0x00000000d5b79530,0x00000000d5b80000)
  to   space 1024K, 0% used [0x00000000d5b80000,0x00000000d5b80000,0x00000000d5c80000)
 ParOldGen       total 215040K, used 214610K [0x0000000080000000, 0x000000008d200000, 0x00000000d5580000)
  object space 215040K, 99% used [0x0000000080000000,0x000000008d1948d8,0x000000008d200000)
 Metaspace       used 57713K, committed 59136K, reserved 1114112K
  class space    used 6318K, committed 6912K, reserved 1048576K
}
Event: 9.283 GC heap before
{Heap before GC invocations=196 (full 2):
 PSYoungGen      total 5632K, used 5605K [0x00000000d5580000, 0x00000000d5c80000, 0x0000000100000000)
  eden space 4608K, 100% used [0x00000000d5580000,0x00000000d5a00000,0x00000000d5a00000)
  from space 1024K, 97% used [0x00000000d5a80000,0x00000000d5b79530,0x00000000d5b80000)
  to   space 1024K, 0% used [0x00000000d5b80000,0x00000000d5b80000,0x00000000d5c80000)
 ParOldGen       total 215040K, used 214610K [0x0000000080000000, 0x000000008d200000, 0x00000000d5580000)
  object space 215040K, 99% used [0x0000000080000000,0x000000008d1948d8,0x000000008d200000)
 Metaspace       used 57775K, committed 59200K, reserved 1114112K
  class space    used 6321K, committed 6912K, reserved 1048576K
}
Event: 9.285 GC heap after
{Heap after GC invocations=196 (full 2):
 PSYoungGen      total 5632K, used 1021K [0x00000000d5580000, 0x00000000d5d00000, 0x0000000100000000)
  eden space 4608K, 0% used [0x00000000d5580000,0x00000000d5580000,0x00000000d5a00000)
  from space 1024K, 99% used [0x00000000d5b80000,0x00000000d5c7f7c0,0x00000000d5c80000)
  to   space 1536K, 0% used [0x00000000d5a00000,0x00000000d5a00000,0x00000000d5b80000)
 ParOldGen       total 215552K, used 215438K [0x0000000080000000, 0x000000008d280000, 0x00000000d5580000)
  object space 215552K, 99% used [0x0000000080000000,0x000000008d2638d8,0x000000008d280000)
 Metaspace       used 57775K, committed 59200K, reserved 1114112K
  class space    used 6321K, committed 6912K, reserved 1048576K
}
Event: 9.296 GC heap before
{Heap before GC invocations=197 (full 2):
 PSYoungGen      total 5632K, used 5629K [0x00000000d5580000, 0x00000000d5d00000, 0x0000000100000000)
  eden space 4608K, 100% used [0x00000000d5580000,0x00000000d5a00000,0x00000000d5a00000)
  from space 1024K, 99% used [0x00000000d5b80000,0x00000000d5c7f7c0,0x00000000d5c80000)
  to   space 1536K, 0% used [0x00000000d5a00000,0x00000000d5a00000,0x00000000d5b80000)
 ParOldGen       total 215552K, used 215438K [0x0000000080000000, 0x000000008d280000, 0x00000000d5580000)
  object space 215552K, 99% used [0x0000000080000000,0x000000008d2638d8,0x000000008d280000)
 Metaspace       used 57887K, committed 59392K, reserved 1114112K
  class space    used 6328K, committed 6976K, reserved 1048576K
}
Event: 9.298 GC heap after
{Heap after GC invocations=197 (full 2):
 PSYoungGen      total 6144K, used 1046K [0x00000000d5580000, 0x00000000d5d00000, 0x0000000100000000)
  eden space 4608K, 0% used [0x00000000d5580000,0x00000000d5580000,0x00000000d5a00000)
  from space 1536K, 68% used [0x00000000d5a00000,0x00000000d5b05958,0x00000000d5b80000)
  to   space 1536K, 0% used [0x00000000d5b80000,0x00000000d5b80000,0x00000000d5d00000)
 ParOldGen       total 216576K, used 216315K [0x0000000080000000, 0x000000008d380000, 0x00000000d5580000)
  object space 216576K, 99% used [0x0000000080000000,0x000000008d33ed60,0x000000008d380000)
 Metaspace       used 57887K, committed 59392K, reserved 1114112K
  class space    used 6328K, committed 6976K, reserved 1048576K
}
Event: 9.306 GC heap before
{Heap before GC invocations=198 (full 2):
 PSYoungGen      total 6144K, used 5654K [0x00000000d5580000, 0x00000000d5d00000, 0x0000000100000000)
  eden space 4608K, 100% used [0x00000000d5580000,0x00000000d5a00000,0x00000000d5a00000)
  from space 1536K, 68% used [0x00000000d5a00000,0x00000000d5b05958,0x00000000d5b80000)
  to   space 1536K, 0% used [0x00000000d5b80000,0x00000000d5b80000,0x00000000d5d00000)
 ParOldGen       total 216576K, used 216315K [0x0000000080000000, 0x000000008d380000, 0x00000000d5580000)
  object space 216576K, 99% used [0x0000000080000000,0x000000008d33ed60,0x000000008d380000)
 Metaspace       used 57960K, committed 59456K, reserved 1114112K
  class space    used 6337K, committed 6976K, reserved 1048576K
}
Event: 9.307 GC heap after
{Heap after GC invocations=198 (full 2):
 PSYoungGen      total 6144K, used 1053K [0x00000000d5580000, 0x00000000d5d00000, 0x0000000100000000)
  eden space 4608K, 0% used [0x00000000d5580000,0x00000000d5580000,0x00000000d5a00000)
  from space 1536K, 68% used [0x00000000d5b80000,0x00000000d5c87428,0x00000000d5d00000)
  to   space 1536K, 0% used [0x00000000d5a00000,0x00000000d5a00000,0x00000000d5b80000)
 ParOldGen       total 217600K, used 217156K [0x0000000080000000, 0x000000008d480000, 0x00000000d5580000)
  object space 217600K, 99% used [0x0000000080000000,0x000000008d411130,0x000000008d480000)
 Metaspace       used 57960K, committed 59456K, reserved 1114112K
  class space    used 6337K, committed 6976K, reserved 1048576K
}
Event: 9.314 GC heap before
{Heap before GC invocations=199 (full 2):
 PSYoungGen      total 6144K, used 5655K [0x00000000d5580000, 0x00000000d5d00000, 0x0000000100000000)
  eden space 4608K, 99% used [0x00000000d5580000,0x00000000d59feb40,0x00000000d5a00000)
  from space 1536K, 68% used [0x00000000d5b80000,0x00000000d5c87428,0x00000000d5d00000)
  to   space 1536K, 0% used [0x00000000d5a00000,0x00000000d5a00000,0x00000000d5b80000)
 ParOldGen       total 217600K, used 217156K [0x0000000080000000, 0x000000008d480000, 0x00000000d5580000)
  object space 217600K, 99% used [0x0000000080000000,0x000000008d411130,0x000000008d480000)
 Metaspace       used 58038K, committed 59520K, reserved 1114112K
  class space    used 6358K, committed 6976K, reserved 1048576K
}
Event: 9.315 GC heap after
{Heap after GC invocations=199 (full 2):
 PSYoungGen      total 6144K, used 1021K [0x00000000d5580000, 0x00000000d5d00000, 0x0000000100000000)
  eden space 4608K, 0% used [0x00000000d5580000,0x00000000d5580000,0x00000000d5a00000)
  from space 1536K, 66% used [0x00000000d5a00000,0x00000000d5aff7c8,0x00000000d5b80000)
  to   space 1536K, 0% used [0x00000000d5b80000,0x00000000d5b80000,0x00000000d5d00000)
 ParOldGen       total 218112K, used 218080K [0x0000000080000000, 0x000000008d500000, 0x00000000d5580000)
  object space 218112K, 99% used [0x0000000080000000,0x000000008d4f8170,0x000000008d500000)
 Metaspace       used 58038K, committed 59520K, reserved 1114112K
  class space    used 6358K, committed 6976K, reserved 1048576K
}
Event: 9.325 GC heap before
{Heap before GC invocations=200 (full 2):
 PSYoungGen      total 6144K, used 5603K [0x00000000d5580000, 0x00000000d5d00000, 0x0000000100000000)
  eden space 4608K, 99% used [0x00000000d5580000,0x00000000d59f9498,0x00000000d5a00000)
  from space 1536K, 66% used [0x00000000d5a00000,0x00000000d5aff7c8,0x00000000d5b80000)
  to   space 1536K, 0% used [0x00000000d5b80000,0x00000000d5b80000,0x00000000d5d00000)
 ParOldGen       total 218112K, used 218080K [0x0000000080000000, 0x000000008d500000, 0x00000000d5580000)
  object space 218112K, 99% used [0x0000000080000000,0x000000008d4f8170,0x000000008d500000)
 Metaspace       used 58265K, committed 59776K, reserved 1114112K
  class space    used 6374K, committed 6976K, reserved 1048576K
}
Event: 9.326 GC heap after
{Heap after GC invocations=200 (full 2):
 PSYoungGen      total 5632K, used 834K [0x00000000d5580000, 0x00000000d5c80000, 0x0000000100000000)
  eden space 4608K, 0% used [0x00000000d5580000,0x00000000d5580000,0x00000000d5a00000)
  from space 1024K, 81% used [0x00000000d5b80000,0x00000000d5c508a8,0x00000000d5c80000)
  to   space 1024K, 0% used [0x00000000d5a80000,0x00000000d5a80000,0x00000000d5b80000)
 ParOldGen       total 219136K, used 219040K [0x0000000080000000, 0x000000008d600000, 0x00000000d5580000)
  object space 219136K, 99% used [0x0000000080000000,0x000000008d5e8018,0x000000008d600000)
 Metaspace       used 58265K, committed 59776K, reserved 1114112K
  class space    used 6374K, committed 6976K, reserved 1048576K
}
Event: 9.330 GC heap before
{Heap before GC invocations=201 (full 2):
 PSYoungGen      total 5632K, used 2200K [0x00000000d5580000, 0x00000000d5c80000, 0x0000000100000000)
  eden space 4608K, 29% used [0x00000000d5580000,0x00000000d56d5a08,0x00000000d5a00000)
  from space 1024K, 81% used [0x00000000d5b80000,0x00000000d5c508a8,0x00000000d5c80000)
  to   space 1024K, 0% used [0x00000000d5a80000,0x00000000d5a80000,0x00000000d5b80000)
 ParOldGen       total 219136K, used 219040K [0x0000000080000000, 0x000000008d600000, 0x00000000d5580000)
  object space 219136K, 99% used [0x0000000080000000,0x000000008d5e8018,0x000000008d600000)
 Metaspace       used 58331K, committed 59776K, reserved 1114112K
  class space    used 6376K, committed 6976K, reserved 1048576K
}
Event: 9.331 GC heap after
{Heap after GC invocations=201 (full 2):
 PSYoungGen      total 5632K, used 534K [0x00000000d5580000, 0x00000000d5c00000, 0x0000000100000000)
  eden space 4608K, 0% used [0x00000000d5580000,0x00000000d5580000,0x00000000d5a00000)
  from space 1024K, 52% used [0x00000000d5a80000,0x00000000d5b05978,0x00000000d5b80000)
  to   space 512K, 0% used [0x00000000d5b80000,0x00000000d5b80000,0x00000000d5c00000)
 ParOldGen       total 220160K, used 219820K [0x0000000080000000, 0x000000008d700000, 0x00000000d5580000)
  object space 220160K, 99% used [0x0000000080000000,0x000000008d6ab2d0,0x000000008d700000)
 Metaspace       used 58331K, committed 59776K, reserved 1114112K
  class space    used 6376K, committed 6976K, reserved 1048576K
}
Event: 9.331 GC heap before
{Heap before GC invocations=202 (full 3):
 PSYoungGen      total 5632K, used 534K [0x00000000d5580000, 0x00000000d5c00000, 0x0000000100000000)
  eden space 4608K, 0% used [0x00000000d5580000,0x00000000d5580000,0x00000000d5a00000)
  from space 1024K, 52% used [0x00000000d5a80000,0x00000000d5b05978,0x00000000d5b80000)
  to   space 512K, 0% used [0x00000000d5b80000,0x00000000d5b80000,0x00000000d5c00000)
 ParOldGen       total 220160K, used 219820K [0x0000000080000000, 0x000000008d700000, 0x00000000d5580000)
  object space 220160K, 99% used [0x0000000080000000,0x000000008d6ab2d0,0x000000008d700000)
 Metaspace       used 58331K, committed 59776K, reserved 1114112K
  class space    used 6376K, committed 6976K, reserved 1048576K
}
Event: 9.496 GC heap after
{Heap after GC invocations=202 (full 3):
 PSYoungGen      total 5632K, used 0K [0x00000000d5580000, 0x00000000d5c00000, 0x0000000100000000)
  eden space 4608K, 0% used [0x00000000d5580000,0x00000000d5580000,0x00000000d5a00000)
  from space 1024K, 0% used [0x00000000d5a80000,0x00000000d5a80000,0x00000000d5b80000)
  to   space 512K, 0% used [0x00000000d5b80000,0x00000000d5b80000,0x00000000d5c00000)
 ParOldGen       total 220160K, used 189245K [0x0000000080000000, 0x000000008d700000, 0x00000000d5580000)
  object space 220160K, 85% used [0x0000000080000000,0x000000008b8cf6e0,0x000000008d700000)
 Metaspace       used 58324K, committed 59776K, reserved 1114112K
  class space    used 6374K, committed 6976K, reserved 1048576K
}
Event: 10.505 GC heap before
{Heap before GC invocations=203 (full 3):
 PSYoungGen      total 5632K, used 4608K [0x00000000d5580000, 0x00000000d5c00000, 0x0000000100000000)
  eden space 4608K, 100% used [0x00000000d5580000,0x00000000d5a00000,0x00000000d5a00000)
  from space 1024K, 0% used [0x00000000d5a80000,0x00000000d5a80000,0x00000000d5b80000)
  to   space 512K, 0% used [0x00000000d5b80000,0x00000000d5b80000,0x00000000d5c00000)
 ParOldGen       total 220672K, used 220179K [0x0000000080000000, 0x000000008d780000, 0x00000000d5580000)
  object space 220672K, 99% used [0x0000000080000000,0x000000008d704f60,0x000000008d780000)
 Metaspace       used 58439K, committed 59904K, reserved 1114112K
  class space    used 6389K, committed 6976K, reserved 1048576K
}

